#
# A fatal error has been detected by the Java Runtime Environment:
#
#  EXCEPTION_ACCESS_VIOLATION (0xc0000005) at pc=0x000000007705b7b0, pid=6212, tid=0x0000000000001694
#
# JRE version: OpenJDK Runtime Environment (8.0_242-b01) (build 1.8.0_242-release-1644-b01)
# Java VM: OpenJDK 64-Bit Server VM (25.242-b01 mixed mode windows-amd64 compressed oops)
# Problematic frame:
# V  [jvm.dll+0x8b7b0]
#
# Failed to write core dump. Minidumps are not enabled by default on client versions of Windows
#
# If you would like to submit a bug report, please visit:
#   
#

---------------  T H R E A D  ---------------

Current thread (0x0000000002414800):  GCTaskThread [stack: 0x0000000012670000,0x0000000012770000] [id=5780]

siginfo: ExceptionCode=0xc0000005, reading address 0x0000000000000008

Registers:
RAX=0x0000000000000000, RBX=0x00000000de426cd0, RCX=0x00000000de426cd0, RDX=0x0000000000000000
RSP=0x000000001276f8b8, RBP=0x00000000118b1e81, RSI=0x0000000017584c40, RDI=0x00000000803cc800
R8 =0x0000000017584c40, R9 =0x0000000000000006, R10=0x0000000000000008, R11=0x00000000dd77c000
R12=0x00000000118b1e62, R13=0x0000000000000000, R14=0x0000000000000000, R15=0x00000000023fd870
RIP=0x000000007705b7b0, EFLAGS=0x0000000000010246

Top of Stack: (sp=0x000000001276f8b8)
0x000000001276f8b8:   00000000773a27b2 00000000de2a2568
0x000000001276f8c8:   0000000000000004 0000000017584c40
0x000000001276f8d8:   00000000de3341d8 00000000dd774010
0x000000001276f8e8:   00000000773a2efb 0000000000000000
0x000000001276f8f8:   0000000000000005 0000000000000000
0x000000001276f908:   0000000017584c00 00000000118b1e62
0x000000001276f918:   00000000773a2b20 00000000dd77ad58
0x000000001276f928:   00000000118b1e81 0000000017584c40
0x000000001276f938:   00000000803cc800 00000000dd77ad58
0x000000001276f948:   00000000773a36c5 00000000d6cf9df8
0x000000001276f958:   00000000118b1e81 0000000017584c40
0x000000001276f968:   0000000000000004 0000000017584c40
0x000000001276f978:   00007ffab0eda34e 00000000803c8d14
0x000000001276f988:   00000000770bfdb0 00000000803c8d1d
0x000000001276f998:   00000000803c8d1d 00000000803c3e89
0x000000001276f9a8:   00000000803c3e89 00000000803cc6c8 

Instructions: (pc=0x000000007705b7b0)
0x000000007705b790:   1c 8f 1d 00 48 8b 9c 24 c0 00 00 00 48 81 c4 b0
0x000000007705b7a0:   00 00 00 5d c3 cc cc cc cc cc cc cc cc cc cc cc
0x000000007705b7b0:   44 8b 42 08 4c 8b ca 45 85 c0 7e 0e 41 f6 c0 01
0x000000007705b7c0:   75 57 41 c1 f8 03 41 8b c0 c3 79 4d 80 3d 7e 97 


Register to memory mapping:

RAX=0x0000000000000000 is an unknown value
RBX=0x00000000de426cd0 is an unknown value
RCX=0x00000000de426cd0 is an unknown value
RDX=0x0000000000000000 is an unknown value
RSP=0x000000001276f8b8 is an unknown value
RBP=0x00000000118b1e81 is an unknown value
RSI=0x0000000017584c40 is an unknown value
RDI=0x00000000803cc800 is an oop
java.util.concurrent.ConcurrentHashMap$Node 
 - klass: 'java/util/concurrent/ConcurrentHashMap$Node'
R8 =0x0000000017584c40 is an unknown value
R9 =0x0000000000000006 is an unknown value
R10=0x0000000000000008 is an unknown value
R11=0x00000000dd77c000 is an unknown value
R12=0x00000000118b1e62 is an unknown value
R13=0x0000000000000000 is an unknown value
R14=0x0000000000000000 is an unknown value
R15=0x00000000023fd870 is an unknown value


Stack: [0x0000000012670000,0x0000000012770000],  sp=0x000000001276f8b8,  free space=1022k
Native frames: (J=compiled Java code, j=interpreted, Vv=VM code, C=native code)
V  [jvm.dll+0x8b7b0]


---------------  P R O C E S S  ---------------

Java Threads: ( => current thread )
  0x000000001bf68000 JavaThread "Cache worker for file content cache (C:\Users\Dhruv Goyal\.gradle\caches\6.5\fileContent)" [_thread_blocked, id=8620, stack(0x00000000225f0000,0x00000000226f0000)]
  0x000000001bf6b800 JavaThread "jar transforms" [_thread_blocked, id=9780, stack(0x00000000224f0000,0x00000000225f0000)]
  0x000000001bf6b000 JavaThread "Cache worker for execution history cache (C:\Users\Dhruv Goyal\.gradle\caches\6.5\executionHistory)" [_thread_blocked, id=2148, stack(0x0000000021df0000,0x0000000021ef0000)]
  0x000000001bf69800 JavaThread "Cache worker for cache directory md-rule (C:\Users\Dhruv Goyal\.gradle\caches\6.5\md-rule)" [_thread_blocked, id=17052, stack(0x0000000021cf0000,0x0000000021df0000)]
  0x000000001bf67000 JavaThread "Cache worker for cache directory md-supplier (C:\Users\Dhruv Goyal\.gradle\caches\6.5\md-supplier)" [_thread_blocked, id=3188, stack(0x00000000209a0000,0x0000000020aa0000)]
  0x000000001bf6d000 JavaThread "Cache worker for checksums cache (C:\Users\Dhruv Goyal\AndroidStudioProjects\OrganicWorld\.gradle\checksums)" [_thread_blocked, id=17124, stack(0x00000000208a0000,0x00000000209a0000)]
  0x000000001bf68800 JavaThread "Cache worker for file hash cache (C:\Users\Dhruv Goyal\AndroidStudioProjects\OrganicWorld\.gradle\6.5\fileHashes)" [_thread_blocked, id=4068, stack(0x000000001e3c0000,0x000000001e4c0000)]
  0x000000001bf66000 JavaThread "Cache worker for file hash cache (C:\Users\Dhruv Goyal\.gradle\caches\6.5\fileHashes)" [_thread_blocked, id=16048, stack(0x000000001e2c0000,0x000000001e3c0000)]
  0x000000001bf6a000 JavaThread "File lock request listener" [_thread_in_native, id=11924, stack(0x000000001e1c0000,0x000000001e2c0000)]
  0x000000001bf17800 JavaThread "Cache worker for journal cache (C:\Users\Dhruv Goyal\.gradle\caches\journal-1)" [_thread_blocked, id=5812, stack(0x000000001e0c0000,0x000000001e1c0000)]
  0x000000001bd6c800 JavaThread "Thread-9" [_thread_blocked, id=15884, stack(0x000000001ddc0000,0x000000001dec0000)]
  0x000000001a6b1000 JavaThread "Stdin handler" [_thread_blocked, id=7604, stack(0x000000001dcc0000,0x000000001ddc0000)]
  0x000000001bd79800 JavaThread "Asynchronous log dispatcher for DefaultDaemonConnection: socket connection from /127.0.0.1:60633 to /127.0.0.1:60634" [_thread_blocked, id=16832, stack(0x000000001dbc0000,0x000000001dcc0000)]
  0x000000001bdb7800 JavaThread "Daemon worker" [_thread_blocked, id=11128, stack(0x000000001dac0000,0x000000001dbc0000)]
  0x000000001bdb6800 JavaThread "Cancel handler" [_thread_blocked, id=4280, stack(0x000000001d9c0000,0x000000001dac0000)]
  0x000000001a513800 JavaThread "Handler for socket connection from /127.0.0.1:60633 to /127.0.0.1:60634" [_thread_in_native, id=15552, stack(0x000000001d8c0000,0x000000001d9c0000)]
  0x000000001a510000 JavaThread "Daemon" [_thread_blocked, id=2128, stack(0x000000001d7c0000,0x000000001d8c0000)]
  0x000000001bd3e000 JavaThread "Daemon periodic checks" [_thread_blocked, id=8992, stack(0x000000001d4c0000,0x000000001d5c0000)]
  0x000000001bc40800 JavaThread "Incoming local TCP Connector on port 60633" [_thread_in_native, id=16804, stack(0x000000001d280000,0x000000001d380000)]
  0x000000001bc6c000 JavaThread "Daemon health stats" [_thread_blocked, id=6016, stack(0x000000001cc40000,0x000000001cd40000)]
  0x0000000019426000 JavaThread "Service Thread" daemon [_thread_blocked, id=8176, stack(0x000000001a060000,0x000000001a160000)]
  0x00000000193a2800 JavaThread "C1 CompilerThread3" daemon [_thread_blocked, id=5256, stack(0x0000000019f60000,0x000000001a060000)]
  0x000000001939b000 JavaThread "C2 CompilerThread2" daemon [_thread_blocked, id=12112, stack(0x0000000019e60000,0x0000000019f60000)]
  0x0000000019399000 JavaThread "C2 CompilerThread1" daemon [_thread_in_native, id=8092, stack(0x0000000019d60000,0x0000000019e60000)]
  0x0000000019397000 JavaThread "C2 CompilerThread0" daemon [_thread_blocked, id=5292, stack(0x0000000019c60000,0x0000000019d60000)]
  0x000000001938f000 JavaThread "Attach Listener" daemon [_thread_blocked, id=4176, stack(0x0000000019b60000,0x0000000019c60000)]
  0x000000001759e000 JavaThread "Signal Dispatcher" daemon [_thread_blocked, id=7348, stack(0x0000000019a60000,0x0000000019b60000)]
  0x00000000024e8800 JavaThread "Finalizer" daemon [_thread_blocked, id=15140, stack(0x0000000019860000,0x0000000019960000)]
  0x000000001758c000 JavaThread "Reference Handler" daemon [_thread_blocked, id=14524, stack(0x0000000019760000,0x0000000019860000)]
  0x00000000023ee000 JavaThread "main" [_thread_blocked, id=15576, stack(0x00000000022d0000,0x00000000023d0000)]

Other Threads:
  0x0000000017587800 VMThread [stack: 0x0000000019260000,0x0000000019360000] [id=10356]
  0x0000000019427000 WatcherThread [stack: 0x000000001a160000,0x000000001a260000] [id=4748]

=>0x0000000002414800 (exited) GCTaskThread [stack: 0x0000000012670000,0x0000000012770000] [id=5780]

VM state:at safepoint (normal execution)

VM Mutex/Monitor currently owned by a thread:  ([mutex/lock_event])
[0x00000000023ecfc0] Threads_lock - owner thread: 0x0000000017587800
[0x00000000023ec9c0] Heap_lock - owner thread: 0x000000001bdb7800

heap address: 0x0000000080000000, size: 2048 MB, Compressed Oops mode: 32-bit
Narrow klass base: 0x0000000000000000, Narrow klass shift: 3
Compressed class space size: 1073741824 Address: 0x0000000100000000

Heap:
 PSYoungGen      total 126976K, used 108107K [0x00000000d5580000, 0x00000000de880000, 0x0000000100000000)
  eden space 118272K, 84% used [0x00000000d5580000,0x00000000db7010d8,0x00000000dc900000)
  from space 8704K, 94% used [0x00000000de000000,0x00000000de811bb8,0x00000000de880000)
  to   space 11264K, 60% used [0x00000000dd280000,0x00000000dd934010,0x00000000ddd80000)
 ParOldGen       total 50176K, used 6883K [0x0000000080000000, 0x0000000083100000, 0x00000000d5580000)
  object space 50176K, 13% used [0x0000000080000000,0x00000000806b8f30,0x0000000083100000)
 Metaspace       used 34343K, capacity 35420K, committed 35496K, reserved 1079296K
  class space    used 4732K, capacity 5003K, committed 5040K, reserved 1048576K

Card table byte_map: [0x00000000118b0000,0x0000000011cc0000] byte_map_base: 0x00000000114b0000

Marking Bits: (ParMarkBitMap*) 0x000000007779f030
 Begin Bits: [0x0000000012770000, 0x0000000014770000)
 End Bits:   [0x0000000014770000, 0x0000000016770000)

Polling page: 0x0000000000aa0000

CodeCache: size=245760Kb used=10561Kb max_used=10591Kb free=235198Kb
 bounds [0x00000000024f0000, 0x0000000002f50000, 0x00000000114f0000]
 total_blobs=3442 nmethods=2755 adapters=600
 compilation: enabled

Compilation events (10 events):
Event: 5.697 Thread 0x00000000193a2800 2756       3       java.lang.StringCoding::scale (7 bytes)
Event: 5.697 Thread 0x00000000193a2800 nmethod 2756 0x0000000002f32e90 code [0x0000000002f32fe0, 0x0000000002f33150]
Event: 5.697 Thread 0x0000000019397000 nmethod 2754 0x0000000002f32c10 code [0x0000000002f32d40, 0x0000000002f32db8]
Event: 5.697 Thread 0x0000000019397000 2755       4       sun.security.provider.MD5::GG (33 bytes)
Event: 5.698 Thread 0x0000000019397000 nmethod 2755 0x0000000002f37110 code [0x0000000002f37240, 0x0000000002f372b8]
Event: 5.698 Thread 0x0000000019397000 2757       4       sun.security.provider.MD5::HH (29 bytes)
Event: 5.698 Thread 0x0000000019397000 nmethod 2757 0x0000000002f36f10 code [0x0000000002f37040, 0x0000000002f370b8]
Event: 5.698 Thread 0x0000000019397000 2758       4       sun.security.provider.MD5::II (31 bytes)
Event: 5.698 Thread 0x0000000019397000 nmethod 2758 0x0000000002f36d10 code [0x0000000002f36e40, 0x0000000002f36eb8]
Event: 5.713 Thread 0x000000001939b000 nmethod 2662 0x0000000002f418d0 code [0x0000000002f42b20, 0x0000000002f485b0]

GC Heap History (10 events):
Event: 3.318 GC heap after
Heap after GC invocations=5 (full 0):
 PSYoungGen      total 38400K, used 5104K [0x00000000d5580000, 0x00000000da980000, 0x0000000100000000)
  eden space 33280K, 0% used [0x00000000d5580000,0x00000000d5580000,0x00000000d7600000)
  from space 5120K, 99% used [0x00000000d7600000,0x00000000d7afc050,0x00000000d7b00000)
  to   space 9728K, 0% used [0x00000000da000000,0x00000000da000000,0x00000000da980000)
 ParOldGen       total 87552K, used 5800K [0x0000000080000000, 0x0000000085580000, 0x00000000d5580000)
  object space 87552K, 6% used [0x0000000080000000,0x00000000805aa100,0x0000000085580000)
 Metaspace       used 17407K, capacity 17988K, committed 18304K, reserved 1064960K
  class space    used 2380K, capacity 2564K, committed 2688K, reserved 1048576K
}
Event: 3.675 GC heap before
{Heap before GC invocations=6 (full 0):
 PSYoungGen      total 38400K, used 38384K [0x00000000d5580000, 0x00000000da980000, 0x0000000100000000)
  eden space 33280K, 100% used [0x00000000d5580000,0x00000000d7600000,0x00000000d7600000)
  from space 5120K, 99% used [0x00000000d7600000,0x00000000d7afc050,0x00000000d7b00000)
  to   space 9728K, 0% used [0x00000000da000000,0x00000000da000000,0x00000000da980000)
 ParOldGen       total 87552K, used 5800K [0x0000000080000000, 0x0000000085580000, 0x00000000d5580000)
  object space 87552K, 6% used [0x0000000080000000,0x00000000805aa100,0x0000000085580000)
 Metaspace       used 20328K, capacity 20936K, committed 20992K, reserved 1067008K
  class space    used 2835K, capacity 3044K, committed 3072K, reserved 1048576K
Event: 3.684 GC heap after
Heap after GC invocations=6 (full 0):
 PSYoungGen      total 75264K, used 9043K [0x00000000d5580000, 0x00000000dab80000, 0x0000000100000000)
  eden space 65536K, 0% used [0x00000000d5580000,0x00000000d5580000,0x00000000d9580000)
  from space 9728K, 92% used [0x00000000da000000,0x00000000da8d4f60,0x00000000da980000)
  to   space 10752K, 0% used [0x00000000d9580000,0x00000000d9580000,0x00000000da000000)
 ParOldGen       total 87552K, used 5808K [0x0000000080000000, 0x0000000085580000, 0x00000000d5580000)
  object space 87552K, 6% used [0x0000000080000000,0x00000000805ac100,0x0000000085580000)
 Metaspace       used 20328K, capacity 20936K, committed 20992K, reserved 1067008K
  class space    used 2835K, capacity 3044K, committed 3072K, reserved 1048576K
}
Event: 3.722 GC heap before
{Heap before GC invocations=7 (full 0):
 PSYoungGen      total 75264K, used 15569K [0x00000000d5580000, 0x00000000dab80000, 0x0000000100000000)
  eden space 65536K, 9% used [0x00000000d5580000,0x00000000d5bdf898,0x00000000d9580000)
  from space 9728K, 92% used [0x00000000da000000,0x00000000da8d4f60,0x00000000da980000)
  to   space 10752K, 0% used [0x00000000d9580000,0x00000000d9580000,0x00000000da000000)
 ParOldGen       total 87552K, used 5808K [0x0000000080000000, 0x0000000085580000, 0x00000000d5580000)
  object space 87552K, 6% used [0x0000000080000000,0x00000000805ac100,0x0000000085580000)
 Metaspace       used 20561K, capacity 21224K, committed 21296K, reserved 1067008K
  class space    used 2872K, capacity 3076K, committed 3120K, reserved 1048576K
Event: 3.728 GC heap after
Heap after GC invocations=7 (full 0):
 PSYoungGen      total 76288K, used 4292K [0x00000000d5580000, 0x00000000dea80000, 0x0000000100000000)
  eden space 65536K, 0% used [0x00000000d5580000,0x00000000d5580000,0x00000000d9580000)
  from space 10752K, 39% used [0x00000000d9580000,0x00000000d99b1050,0x00000000da000000)
  to   space 10752K, 0% used [0x00000000de000000,0x00000000de000000,0x00000000dea80000)
 ParOldGen       total 87552K, used 8252K [0x0000000080000000, 0x0000000085580000, 0x00000000d5580000)
  object space 87552K, 9% used [0x0000000080000000,0x000000008080f160,0x0000000085580000)
 Metaspace       used 20561K, capacity 21224K, committed 21296K, reserved 1067008K
  class space    used 2872K, capacity 3076K, committed 3120K, reserved 1048576K
}
Event: 3.728 GC heap before
{Heap before GC invocations=8 (full 1):
 PSYoungGen      total 76288K, used 4292K [0x00000000d5580000, 0x00000000dea80000, 0x0000000100000000)
  eden space 65536K, 0% used [0x00000000d5580000,0x00000000d5580000,0x00000000d9580000)
  from space 10752K, 39% used [0x00000000d9580000,0x00000000d99b1050,0x00000000da000000)
  to   space 10752K, 0% used [0x00000000de000000,0x00000000de000000,0x00000000dea80000)
 ParOldGen       total 87552K, used 8252K [0x0000000080000000, 0x0000000085580000, 0x00000000d5580000)
  object space 87552K, 9% used [0x0000000080000000,0x000000008080f160,0x0000000085580000)
 Metaspace       used 20561K, capacity 21224K, committed 21296K, reserved 1067008K
  class space    used 2872K, capacity 3076K, committed 3120K, reserved 1048576K
Event: 3.764 GC heap after
Heap after GC invocations=8 (full 1):
 PSYoungGen      total 76288K, used 0K [0x00000000d5580000, 0x00000000dea80000, 0x0000000100000000)
  eden space 65536K, 0% used [0x00000000d5580000,0x00000000d5580000,0x00000000d9580000)
  from space 10752K, 0% used [0x00000000d9580000,0x00000000d9580000,0x00000000da000000)
  to   space 10752K, 0% used [0x00000000de000000,0x00000000de000000,0x00000000dea80000)
 ParOldGen       total 50176K, used 6867K [0x0000000080000000, 0x0000000083100000, 0x00000000d5580000)
  object space 50176K, 13% used [0x0000000080000000,0x00000000806b4f30,0x0000000083100000)
 Metaspace       used 20561K, capacity 21224K, committed 21296K, reserved 1067008K
  class space    used 2872K, capacity 3076K, committed 3120K, reserved 1048576K
}
Event: 4.890 GC heap before
{Heap before GC invocations=9 (full 1):
 PSYoungGen      total 76288K, used 65536K [0x00000000d5580000, 0x00000000dea80000, 0x0000000100000000)
  eden space 65536K, 100% used [0x00000000d5580000,0x00000000d9580000,0x00000000d9580000)
  from space 10752K, 0% used [0x00000000d9580000,0x00000000d9580000,0x00000000da000000)
  to   space 10752K, 0% used [0x00000000de000000,0x00000000de000000,0x00000000dea80000)
 ParOldGen       total 50176K, used 6867K [0x0000000080000000, 0x0000000083100000, 0x00000000d5580000)
  object space 50176K, 13% used [0x0000000080000000,0x00000000806b4f30,0x0000000083100000)
 Metaspace       used 28553K, capacity 29380K, committed 29616K, reserved 1075200K
  class space    used 3955K, capacity 4188K, committed 4272K, reserved 1048576K
Event: 4.906 GC heap after
Heap after GC invocations=9 (full 1):
 PSYoungGen      total 126976K, used 8262K [0x00000000d5580000, 0x00000000de880000, 0x0000000100000000)
  eden space 118272K, 0% used [0x00000000d5580000,0x00000000d5580000,0x00000000dc900000)
  from space 8704K, 94% used [0x00000000de000000,0x00000000de811bb8,0x00000000de880000)
  to   space 11264K, 0% used [0x00000000dd280000,0x00000000dd280000,0x00000000ddd80000)
 ParOldGen       total 50176K, used 6875K [0x0000000080000000, 0x0000000083100000, 0x00000000d5580000)
  object space 50176K, 13% used [0x0000000080000000,0x00000000806b6f30,0x0000000083100000)
 Metaspace       used 28553K, capacity 29380K, committed 29616K, reserved 1075200K
  class space    used 3955K, capacity 4188K, committed 4272K, reserved 1048576K
}
Event: 5.715 GC heap before
{Heap before GC invocations=10 (full 1):
 PSYoungGen      total 126976K, used 108107K [0x00000000d5580000, 0x00000000de880000, 0x0000000100000000)
  eden space 118272K, 84% used [0x00000000d5580000,0x00000000db7010d8,0x00000000dc900000)
  from space 8704K, 94% used [0x00000000de000000,0x00000000de811bb8,0x00000000de880000)
  to   space 11264K, 0% used [0x00000000dd280000,0x00000000dd280000,0x00000000ddd80000)
 ParOldGen       total 50176K, used 6875K [0x0000000080000000, 0x0000000083100000, 0x00000000d5580000)
  object space 50176K, 13% used [0x0000000080000000,0x00000000806b6f30,0x0000000083100000)
 Metaspace       used 34343K, capacity 35420K, committed 35496K, reserved 1079296K
  class space    used 4732K, capacity 5003K, committed 5040K, reserved 1048576K

Deoptimization events (10 events):
Event: 4.952 Thread 0x000000001bdb7800 Uncommon trap: reason=unstable_if action=reinterpret pc=0x00000000029ff1b4 method=java.lang.ClassLoader.getClassLoadingLock(Ljava/lang/String;)Ljava/lang/Object; @ 6
Event: 5.227 Thread 0x000000001bdb7800 Uncommon trap: reason=unstable_if action=reinterpret pc=0x0000000002acfec4 method=java.util.HashMap.getNode(ILjava/lang/Object;)Ljava/util/HashMap$Node; @ 53
Event: 5.292 Thread 0x000000001bdb7800 Uncommon trap: reason=unstable_if action=reinterpret pc=0x0000000002e1f7c4 method=org.gradle.internal.reflect.PropertyAccessorType.isGetGetterName(Ljava/lang/String;)Z @ 14
Event: 5.313 Thread 0x000000001bdb7800 Uncommon trap: reason=unstable_if action=reinterpret pc=0x0000000002bf8100 method=org.objectweb.asm.ByteVector.putShort(I)Lorg/objectweb/asm/ByteVector; @ 13
Event: 5.373 Thread 0x000000001bdb7800 Uncommon trap: reason=unstable_if action=reinterpret pc=0x0000000002b4d43c method=java.net.URLClassLoader.defineClass(Ljava/lang/String;Lsun/misc/Resource;)Ljava/lang/Class; @ 21
Event: 5.424 Thread 0x000000001bdb7800 Uncommon trap: reason=unstable_if action=reinterpret pc=0x0000000002eb86c4 method=org.codehaus.groovy.runtime.metaclass.MetaMethodIndex.addMethodToList(Ljava/lang/Object;Lgroovy/lang/MetaMethod;)Ljava/lang/Object; @ 226
Event: 5.479 Thread 0x000000001bdb7800 Uncommon trap: reason=range_check action=make_not_entrant pc=0x0000000002ea4734 method=java.lang.String.charAt(I)C @ 27
Event: 5.576 Thread 0x000000001bdb7800 Uncommon trap: reason=unstable_if action=reinterpret pc=0x00000000027b7658 method=java.net.URI.match(CJJ)Z @ 45
Event: 5.578 Thread 0x000000001bdb7800 Uncommon trap: reason=unstable_if action=reinterpret pc=0x00000000027a4320 method=java.net.URI.match(CJJ)Z @ 45
Event: 5.648 Thread 0x000000001bdb7800 Uncommon trap: reason=unstable_if action=reinterpret pc=0x00000000026b8260 method=java.net.URI.match(CJJ)Z @ 45

Classes redefined (0 events):
No events

Internal exceptions (10 events):
Event: 5.441 Thread 0x000000001bdb7800 Exception <a 'java/lang/ClassNotFoundException': org/gradle/api/internal/DefaultNamedDomainObjectCollectionCustomizer> (0x00000000d9082ba8) thrown at [C:\src\AOSP-openjdk-git\hotspot\src\share\vm\classfile\systemDictionary.cpp, line 210]
Event: 5.443 Thread 0x000000001bdb7800 Exception <a 'java/lang/ClassNotFoundException': org/gradle/api/internal/DefaultNamedDomainObjectListCustomizer> (0x00000000d90f7810) thrown at [C:\src\AOSP-openjdk-git\hotspot\src\share\vm\classfile\systemDictionary.cpp, line 210]
Event: 5.444 Thread 0x000000001bdb7800 Exception <a 'java/lang/ClassNotFoundException': org/gradle/api/internal/artifacts/DefaultArtifactRepositoryContainerCustomizer> (0x00000000d916c690) thrown at [C:\src\AOSP-openjdk-git\hotspot\src\share\vm\classfile\systemDictionary.cpp, line 210]
Event: 5.446 Thread 0x000000001bdb7800 Exception <a 'java/lang/ClassNotFoundException': org/gradle/api/internal/artifacts/dsl/DefaultRepositoryHandlerCustomizer> (0x00000000d91d1a68) thrown at [C:\src\AOSP-openjdk-git\hotspot\src\share\vm\classfile\systemDictionary.cpp, line 210]
Event: 5.447 Thread 0x000000001bdb7800 Exception <a 'java/lang/ClassNotFoundException': org/gradle/api/internal/artifacts/dsl/DefaultRepositoryHandler_DecoratedCustomizer> (0x00000000d9255460) thrown at [C:\src\AOSP-openjdk-git\hotspot\src\share\vm\classfile\systemDictionary.cpp, line 210]
Event: 5.557 Thread 0x000000001bdb7800 Exception <a 'java/lang/ClassNotFoundException': org/gradle/api/internal/artifacts/dsl/dependencies/DefaultDependencyHandler_DecoratedBeanInfo> (0x00000000da0a7a10) thrown at [C:\src\AOSP-openjdk-git\hotspot\src\share\vm\classfile\systemDictionary.cpp, li
Event: 5.557 Thread 0x000000001bdb7800 Exception <a 'java/lang/ClassNotFoundException': org/gradle/api/internal/artifacts/dsl/dependencies/DefaultDependencyHandlerBeanInfo> (0x00000000da1003d0) thrown at [C:\src\AOSP-openjdk-git\hotspot\src\share\vm\classfile\systemDictionary.cpp, line 210]
Event: 5.558 Thread 0x000000001bdb7800 Exception <a 'java/lang/ClassNotFoundException': org/gradle/api/internal/artifacts/dsl/dependencies/DefaultDependencyHandlerCustomizer> (0x00000000da15a010) thrown at [C:\src\AOSP-openjdk-git\hotspot\src\share\vm\classfile\systemDictionary.cpp, line 210]
Event: 5.559 Thread 0x000000001bdb7800 Exception <a 'java/lang/ClassNotFoundException': org/gradle/api/internal/artifacts/dsl/dependencies/DefaultDependencyHandler_DecoratedCustomizer> (0x00000000da1e4d68) thrown at [C:\src\AOSP-openjdk-git\hotspot\src\share\vm\classfile\systemDictionary.cpp, 
Event: 5.618 Thread 0x000000001bdb7800 Exception <a 'java/lang/NoSuchMethodError': java.lang.Object.lambda$static$0(Lorg/gradle/api/internal/artifacts/configurations/MutationValidator$MutationType;)V> (0x00000000da8f25c8) thrown at [C:\src\AOSP-openjdk-git\hotspot\src\share\vm\interpreter\link

Events (10 events):
Event: 5.712 loading class org/gradle/api/internal/artifacts/ivyservice/resolveengine/DefaultArtifactDependencyResolver$DefaultResolveContextToComponentResolver done
Event: 5.713 loading class org/gradle/api/internal/artifacts/ivyservice/resolveengine/ConflictResolverFactory
Event: 5.713 loading class org/gradle/api/internal/artifacts/ivyservice/resolveengine/ConflictResolverFactory done
Event: 5.713 loading class org/gradle/api/internal/artifacts/ivyservice/resolveengine/ModuleConflictResolver
Event: 5.713 loading class org/gradle/api/internal/artifacts/ivyservice/resolveengine/ModuleConflictResolver done
Event: 5.714 loading class org/gradle/api/internal/artifacts/ivyservice/resolveengine/LatestModuleConflictResolver
Event: 5.714 loading class org/gradle/api/internal/artifacts/ivyservice/resolveengine/LatestModuleConflictResolver done
Event: 5.714 loading class org/gradle/api/internal/artifacts/ivyservice/resolveengine/graph/conflicts/DefaultConflictHandler
Event: 5.714 loading class org/gradle/api/internal/artifacts/ivyservice/resolveengine/graph/conflicts/DefaultConflictHandler done
Event: 5.715 Executing VM operation: CollectForMetadataAllocation


Dynamic libraries:
0x00007ff6a2210000 - 0x00007ff6a2241000 	C:\Program Files\Android\Android Studio\jre\bin\java.exe
0x00007ffab3570000 - 0x00007ffab3766000 	C:\Windows\SYSTEM32\ntdll.dll
0x00007ffab2350000 - 0x00007ffab240d000 	C:\Windows\System32\KERNEL32.DLL
0x00007ffab0ec0000 - 0x00007ffab1189000 	C:\Windows\System32\KERNELBASE.dll
0x00007ffab2410000 - 0x00007ffab24bc000 	C:\Windows\System32\ADVAPI32.dll
0x00007ffab26e0000 - 0x00007ffab277e000 	C:\Windows\System32\msvcrt.dll
0x00007ffab2e20000 - 0x00007ffab2ebc000 	C:\Windows\System32\sechost.dll
0x00007ffab2bf0000 - 0x00007ffab2d1b000 	C:\Windows\System32\RPCRT4.dll
0x00007ffab20e0000 - 0x00007ffab2280000 	C:\Windows\System32\USER32.dll
0x00007ffab1290000 - 0x00007ffab12b2000 	C:\Windows\System32\win32u.dll
0x00007ffab2df0000 - 0x00007ffab2e1a000 	C:\Windows\System32\GDI32.dll
0x00007ffab0db0000 - 0x00007ffab0ebb000 	C:\Windows\System32\gdi32full.dll
0x00007ffab1480000 - 0x00007ffab151d000 	C:\Windows\System32\msvcp_win.dll
0x00007ffab1190000 - 0x00007ffab1290000 	C:\Windows\System32\ucrtbase.dll
0x00007ffab0140000 - 0x00007ffab03db000 	C:\Windows\WinSxS\amd64_microsoft.windows.common-controls_6595b64144ccf1df_6.0.19041.746_none_ca02b4b61b8320a4\COMCTL32.dll
0x00007ffab34a0000 - 0x00007ffab34d0000 	C:\Windows\System32\IMM32.DLL
0x0000000050560000 - 0x0000000050632000 	C:\Program Files\Android\Android Studio\jre\jre\bin\msvcr100.dll
0x0000000076fd0000 - 0x000000007781b000 	C:\Program Files\Android\Android Studio\jre\jre\bin\server\jvm.dll
0x00007ffab3490000 - 0x00007ffab3498000 	C:\Windows\System32\PSAPI.DLL
0x00007ffaaee50000 - 0x00007ffaaee59000 	C:\Windows\SYSTEM32\WSOCK32.dll
0x00007ffaa73f0000 - 0x00007ffaa73fa000 	C:\Windows\SYSTEM32\VERSION.dll
0x00007ffa9ed30000 - 0x00007ffa9ed57000 	C:\Windows\SYSTEM32\WINMM.dll
0x00007ffab2d20000 - 0x00007ffab2d8b000 	C:\Windows\System32\WS2_32.dll
0x00007ffaaee40000 - 0x00007ffaaee4f000 	C:\Program Files\Android\Android Studio\jre\jre\bin\verify.dll
0x00007ffaa8410000 - 0x00007ffaa8439000 	C:\Program Files\Android\Android Studio\jre\jre\bin\java.dll
0x00007ffaa83f0000 - 0x00007ffaa8406000 	C:\Program Files\Android\Android Studio\jre\jre\bin\zip.dll
0x00007ffab1710000 - 0x00007ffab1e52000 	C:\Windows\System32\SHELL32.dll
0x00007ffaae110000 - 0x00007ffaae8a0000 	C:\Windows\SYSTEM32\windows.storage.dll
0x00007ffab2f70000 - 0x00007ffab32c6000 	C:\Windows\System32\combase.dll
0x00007ffaaff20000 - 0x00007ffaaff4c000 	C:\Windows\SYSTEM32\Wldp.dll
0x00007ffab2ec0000 - 0x00007ffab2f6e000 	C:\Windows\System32\SHCORE.dll
0x00007ffab34d0000 - 0x00007ffab3525000 	C:\Windows\System32\shlwapi.dll
0x00007ffab0be0000 - 0x00007ffab0c06000 	C:\Windows\SYSTEM32\profapi.dll
0x00007ffaa81d0000 - 0x00007ffaa81ea000 	C:\Program Files\Android\Android Studio\jre\jre\bin\net.dll
0x00007ffaafd40000 - 0x00007ffaafdaa000 	C:\Windows\system32\mswsock.dll
0x00007ffaa7f30000 - 0x00007ffaa7f43000 	C:\Program Files\Android\Android Studio\jre\jre\bin\nio.dll
0x00007ffa8eab0000 - 0x00007ffa8ead7000 	C:\Users\Dhruv Goyal\.gradle\native\f6784746aeab05261644944871eae4fe03e0ef1612fff0a4a95f87b438bc6780\windows-amd64\native-platform.dll
0x00007ffaa9f60000 - 0x00007ffaa9f6d000 	C:\Program Files\Android\Android Studio\jre\jre\bin\management.dll
0x00007ffab0960000 - 0x00007ffab0978000 	C:\Windows\SYSTEM32\CRYPTSP.dll
0x00007ffaaf700000 - 0x00007ffaaf734000 	C:\Windows\system32\rsaenh.dll
0x00007ffab15a0000 - 0x00007ffab15c7000 	C:\Windows\System32\bcrypt.dll
0x00007ffab0ba0000 - 0x00007ffab0bce000 	C:\Windows\SYSTEM32\USERENV.dll
0x00007ffab1520000 - 0x00007ffab15a0000 	C:\Windows\System32\bcryptprimitives.dll
0x00007ffaaff10000 - 0x00007ffaaff1c000 	C:\Windows\SYSTEM32\CRYPTBASE.dll
0x00007ffaafa30000 - 0x00007ffaafa6b000 	C:\Windows\SYSTEM32\IPHLPAPI.DLL
0x00007ffab20d0000 - 0x00007ffab20d8000 	C:\Windows\System32\NSI.dll
0x00007ffaa7510000 - 0x00007ffaa7527000 	C:\Windows\SYSTEM32\dhcpcsvc6.DLL
0x00007ffaa7bf0000 - 0x00007ffaa7c0d000 	C:\Windows\SYSTEM32\dhcpcsvc.DLL
0x00007ffaafa70000 - 0x00007ffaafb3b000 	C:\Windows\SYSTEM32\DNSAPI.dll
0x00007ffaa7ee0000 - 0x00007ffaa7eeb000 	C:\Windows\SYSTEM32\WINNSI.DLL
0x00007ffab05d0000 - 0x00007ffab07b4000 	C:\Windows\SYSTEM32\dbghelp.dll

VM Arguments:
jvm_args: -Xmx2048m -Dfile.encoding=UTF-8 -Duser.country=GB -Duser.language=en -Duser.variant 
java_command: org.gradle.launcher.daemon.bootstrap.GradleDaemon 6.5
java_class_path (initial): C:\Users\Dhruv Goyal\.gradle\wrapper\dists\gradle-6.5-bin\6nifqtx7604sqp1q6g8wikw7p\gradle-6.5\lib\gradle-launcher-6.5.jar
Launcher Type: SUN_STANDARD

Environment Variables:
PATH=C:\Windows\system32;C:\Windows;C:\Windows\System32\Wbem;C:\Windows\System32\WindowsPowerShell\v1.0\;C:\Windows\System32\OpenSSH\;C:\Program Files\Java\jdk-11.0.2\bin;C:\Program Files\Git\cmd;C:\Users\Dhruv Goyal\AppData\Local\Microsoft\WindowsApps;C:\Users\Dhruv Goyal\AppData\Local\GitHubDesktop\bin
USERNAME=Dhruv Goyal
OS=Windows_NT
PROCESSOR_IDENTIFIER=Intel64 Family 6 Model 142 Stepping 10, GenuineIntel



---------------  S Y S T E M  ---------------

OS: Windows 10.0 , 64 bit Build 19041 (10.0.19041.804)

CPU:total 8 (initial active 8) (4 cores per cpu, 2 threads per core) family 6 model 142 stepping 10, cmov, cx8, fxsr, mmx, sse, sse2, sse3, ssse3, sse4.1, sse4.2, popcnt, avx, avx2, aes, clmul, erms, 3dnowpref, lzcnt, ht, tsc, tscinvbit, bmi1, bmi2, adx

Memory: 4k page, physical 8303528k(1135324k free), swap 16429992k(5971152k free)

vm_info: OpenJDK 64-Bit Server VM (25.242-b01) for windows-amd64 JRE (1.8.0_242-release-1644-b01), built by "builder" with MS VC++ 10.0 (VS2010)

time: Sun Feb 14 15:25:51 2021
timezone: India Standard Time
elapsed time: 5 seconds (0d 0h 0m 5s)

